Determining if the pthread_create exist failed with the following output:
Change Dir: /home/ben/RBE500/build/CMakeFiles/CMakeTmp

Run Build Command:"/usr/bin/make" "cmTC_04bb8/fast"
/usr/bin/make -f CMakeFiles/cmTC_04bb8.dir/build.make CMakeFiles/cmTC_04bb8.dir/build
make[1]: Entering directory '/home/ben/RBE500/build/CMakeFiles/CMakeTmp'
Building C object CMakeFiles/cmTC_04bb8.dir/CheckSymbolExists.c.o
/usr/bin/cc    -o CMakeFiles/cmTC_04bb8.dir/CheckSymbolExists.c.o   -c /home/ben/RBE500/build/CMakeFiles/CMakeTmp/CheckSymbolExists.c
Linking C executable cmTC_04bb8
/usr/bin/cmake -E cmake_link_script CMakeFiles/cmTC_04bb8.dir/link.txt --verbose=1
/usr/bin/cc      -rdynamic CMakeFiles/cmTC_04bb8.dir/CheckSymbolExists.c.o  -o cmTC_04bb8 
CMakeFiles/cmTC_04bb8.dir/CheckSymbolExists.c.o: In function `main':
CheckSymbolExists.c:(.text+0x1b): undefined reference to `pthread_create'
collect2: error: ld returned 1 exit status
CMakeFiles/cmTC_04bb8.dir/build.make:97: recipe for target 'cmTC_04bb8' failed
make[1]: *** [cmTC_04bb8] Error 1
make[1]: Leaving directory '/home/ben/RBE500/build/CMakeFiles/CMakeTmp'
Makefile:126: recipe for target 'cmTC_04bb8/fast' failed
make: *** [cmTC_04bb8/fast] Error 2

File /home/ben/RBE500/build/CMakeFiles/CMakeTmp/CheckSymbolExists.c:
/* */
#include <pthread.h>

int main(int argc, char** argv)
{
  (void)argv;
#ifndef pthread_create
  return ((int*)(&pthread_create))[argc];
#else
  (void)argc;
  return 0;
#endif
}

Determining if the function pthread_create exists in the pthreads failed with the following output:
Change Dir: /home/ben/RBE500/build/CMakeFiles/CMakeTmp

Run Build Command:"/usr/bin/make" "cmTC_64007/fast"
/usr/bin/make -f CMakeFiles/cmTC_64007.dir/build.make CMakeFiles/cmTC_64007.dir/build
make[1]: Entering directory '/home/ben/RBE500/build/CMakeFiles/CMakeTmp'
Building C object CMakeFiles/cmTC_64007.dir/CheckFunctionExists.c.o
/usr/bin/cc   -DCHECK_FUNCTION_EXISTS=pthread_create   -o CMakeFiles/cmTC_64007.dir/CheckFunctionExists.c.o   -c /usr/share/cmake-3.10/Modules/CheckFunctionExists.c
Linking C executable cmTC_64007
/usr/bin/cmake -E cmake_link_script CMakeFiles/cmTC_64007.dir/link.txt --verbose=1
/usr/bin/cc  -DCHECK_FUNCTION_EXISTS=pthread_create    -rdynamic CMakeFiles/cmTC_64007.dir/CheckFunctionExists.c.o  -o cmTC_64007 -lpthreads 
/usr/bin/ld: cannot find -lpthreads
collect2: error: ld returned 1 exit status
CMakeFiles/cmTC_64007.dir/build.make:97: recipe for target 'cmTC_64007' failed
make[1]: *** [cmTC_64007] Error 1
make[1]: Leaving directory '/home/ben/RBE500/build/CMakeFiles/CMakeTmp'
Makefile:126: recipe for target 'cmTC_64007/fast' failed
make: *** [cmTC_64007/fast] Error 2


